<?xml version="1.0" encoding="UTF-8"?>
<robot generator="Robot 5.0.1 (Python 3.8.12 on win32)" generated="20220706 21:51:05.430" rpa="false" schemaversion="3">
<suite id="s1" name="Test" source="C:\Users\vdwst\OneDrive\Programming\projects\brewery\tests\test.robot">
<test id="s1-t1" name="Attempt to login User" line="9">
<kw name="Login In User" library="keywords">
<arg>stoffel</arg>
<arg>123</arg>
<kw name="Set Username" library="WebTest">
<arg>${username}</arg>
<status status="PASS" starttime="20220706 21:51:06.589" endtime="20220706 21:51:07.555"/>
</kw>
<kw name="Set Password" library="WebTest">
<arg>${password}</arg>
<status status="PASS" starttime="20220706 21:51:07.555" endtime="20220706 21:51:07.555"/>
</kw>
<kw name="Login User" library="WebTest">
<status status="PASS" starttime="20220706 21:51:07.555" endtime="20220706 21:51:09.160"/>
</kw>
<status status="PASS" starttime="20220706 21:51:06.589" endtime="20220706 21:51:09.160"/>
</kw>
<status status="PASS" starttime="20220706 21:51:06.588" endtime="20220706 21:51:09.161"/>
</test>
<test id="s1-t2" name="Create a new Brewery" line="12">
<kw name="Create a Brewery" library="keywords">
<arg>stoffel</arg>
<arg>123</arg>
<kw name="Set Username" library="WebTest">
<arg>${username}</arg>
<status status="PASS" starttime="20220706 21:51:09.162" endtime="20220706 21:51:10.153"/>
</kw>
<kw name="Set Password" library="WebTest">
<arg>${password}</arg>
<status status="PASS" starttime="20220706 21:51:10.153" endtime="20220706 21:51:10.153"/>
</kw>
<kw name="Login User" library="WebTest">
<status status="PASS" starttime="20220706 21:51:10.153" endtime="20220706 21:51:11.759"/>
</kw>
<kw name="Create Brewery" library="WebTest">
<status status="PASS" starttime="20220706 21:51:11.759" endtime="20220706 21:51:12.340"/>
</kw>
<status status="PASS" starttime="20220706 21:51:09.162" endtime="20220706 21:51:12.340"/>
</kw>
<status status="PASS" starttime="20220706 21:51:09.161" endtime="20220706 21:51:12.340"/>
</test>
<test id="s1-t3" name="Edit a Brewery" line="15">
<kw name="Edit a Brewery" library="keywords">
<arg>stoffel</arg>
<arg>123</arg>
<kw name="Set Username" library="WebTest">
<arg>${username}</arg>
<status status="PASS" starttime="20220706 21:51:12.342" endtime="20220706 21:51:13.352"/>
</kw>
<kw name="Set Password" library="WebTest">
<arg>${password}</arg>
<status status="PASS" starttime="20220706 21:51:13.352" endtime="20220706 21:51:13.352"/>
</kw>
<kw name="Login User" library="WebTest">
<status status="PASS" starttime="20220706 21:51:13.352" endtime="20220706 21:51:14.942"/>
</kw>
<kw name="Edit Brewery" library="WebTest">
<status status="PASS" starttime="20220706 21:51:14.942" endtime="20220706 21:51:15.691"/>
</kw>
<status status="PASS" starttime="20220706 21:51:12.342" endtime="20220706 21:51:15.691"/>
</kw>
<status status="PASS" starttime="20220706 21:51:12.341" endtime="20220706 21:51:15.691"/>
</test>
<test id="s1-t4" name="Delete a Brewery" line="18">
<kw name="Delete a Brewery" library="keywords">
<arg>stoffel</arg>
<arg>123</arg>
<kw name="Set Username" library="WebTest">
<arg>${username}</arg>
<status status="PASS" starttime="20220706 21:51:19.782" endtime="20220706 21:51:20.748"/>
</kw>
<kw name="Set Password" library="WebTest">
<arg>${password}</arg>
<status status="PASS" starttime="20220706 21:51:20.748" endtime="20220706 21:51:20.748"/>
</kw>
<kw name="Login User" library="WebTest">
<status status="PASS" starttime="20220706 21:51:20.748" endtime="20220706 21:51:22.537"/>
</kw>
<kw name="Delete Brewery" library="WebTest">
<status status="PASS" starttime="20220706 21:51:22.537" endtime="20220706 21:51:23.139"/>
</kw>
<status status="PASS" starttime="20220706 21:51:15.693" endtime="20220706 21:51:23.139"/>
</kw>
<status status="PASS" starttime="20220706 21:51:15.692" endtime="20220706 21:51:23.139"/>
</test>
<doc>See if a user can be created and if a user can be logged in</doc>
<status status="PASS" starttime="20220706 21:51:05.432" endtime="20220706 21:51:23.141"/>
</suite>
<statistics>
<total>
<stat pass="4" fail="0" skip="0">All Tests</stat>
</total>
<tag>
</tag>
<suite>
<stat pass="4" fail="0" skip="0" id="s1" name="Test">Test</stat>
</suite>
</statistics>
<errors>
</errors>
</robot>
